-encoding
UTF-8
-outxml
-source
6
-target
6
-classpath
/home/ccugnasc/.m2/repository/antlr/antlr/2.7.6/antlr-2.7.6.jar:/home/ccugnasc/.m2/repository/aopalliance/aopalliance/1.0/aopalliance-1.0.jar:/home/ccugnasc/.m2/repository/cglib/cglib-nodep/2.2.2/cglib-nodep-2.2.2.jar:/home/ccugnasc/.m2/repository/commons-beanutils/commons-beanutils/1.8.3/commons-beanutils-1.8.3.jar:/home/ccugnasc/.m2/repository/commons-codec/commons-codec/1.5/commons-codec-1.5.jar:/home/ccugnasc/.m2/repository/commons-collections/commons-collections/3.2.1/commons-collections-3.2.1.jar:/home/ccugnasc/.m2/repository/commons-dbcp/commons-dbcp/1.3/commons-dbcp-1.3.jar:/home/ccugnasc/.m2/repository/commons-digester/commons-digester/2.1/commons-digester-2.1.jar:/home/ccugnasc/.m2/repository/commons-fileupload/commons-fileupload/1.2.2/commons-fileupload-1.2.2.jar:/home/ccugnasc/.m2/repository/commons-io/commons-io/2.1/commons-io-2.1.jar:/home/ccugnasc/.m2/repository/commons-pool/commons-pool/1.5.6/commons-pool-1.5.6.jar:/home/ccugnasc/.m2/repository/dom4j/dom4j/1.6.1/dom4j-1.6.1.jar:/home/ccugnasc/.m2/repository/javassist/javassist/3.12.0.GA/javassist-3.12.0.GA.jar:/home/ccugnasc/.m2/repository/javax/el/el-api/1.0/el-api-1.0.jar:/home/ccugnasc/.m2/repository/javax/servlet/servlet-api/2.5/servlet-api-2.5.jar:/home/ccugnasc/.m2/repository/javax/servlet/jsp/jsp-api/2.1/jsp-api-2.1.jar:/home/ccugnasc/.m2/repository/javax/servlet/jsp/jstl/jstl-api/1.2/jstl-api-1.2.jar:/home/ccugnasc/.m2/repository/javax/transaction/jta/1.1/jta-1.1.jar:/home/ccugnasc/.m2/repository/javax/validation/validation-api/1.0.0.GA/validation-api-1.0.0.GA.jar:/home/ccugnasc/.m2/repository/joda-time/joda-time/1.6/joda-time-1.6.jar:/home/ccugnasc/.m2/repository/log4j/log4j/1.2.16/log4j-1.2.16.jar:/home/ccugnasc/.m2/repository/mysql/mysql-connector-java/5.1.18/mysql-connector-java-5.1.18.jar:/home/ccugnasc/.m2/repository/net/sf/flexjson/flexjson/2.1/flexjson-2.1.jar:/home/ccugnasc/.m2/repository/org/apache/commons/commons-lang3/3.1/commons-lang3-3.1.jar:/home/ccugnasc/.m2/repository/org/apache/tiles/tiles-api/2.2.2/tiles-api-2.2.2.jar:/home/ccugnasc/.m2/repository/org/apache/tiles/tiles-core/2.2.2/tiles-core-2.2.2.jar:/home/ccugnasc/.m2/repository/org/apache/tiles/tiles-jsp/2.2.2/tiles-jsp-2.2.2.jar:/home/ccugnasc/.m2/repository/org/apache/tiles/tiles-servlet/2.2.2/tiles-servlet-2.2.2.jar:/home/ccugnasc/.m2/repository/org/apache/tiles/tiles-template/2.2.2/tiles-template-2.2.2.jar:/home/ccugnasc/.m2/repository/org/aspectj/aspectjrt/1.7.0.RC1/aspectjrt-1.7.0.RC1.jar:/home/ccugnasc/.m2/repository/org/aspectj/aspectjweaver/1.7.0.RC1/aspectjweaver-1.7.0.RC1.jar:/home/ccugnasc/.m2/repository/org/glassfish/web/jstl-impl/1.2/jstl-impl-1.2.jar:/home/ccugnasc/.m2/repository/org/hibernate/hibernate-commons-annotations/3.2.0.Final/hibernate-commons-annotations-3.2.0.Final.jar:/home/ccugnasc/.m2/repository/org/hibernate/hibernate-core/3.6.9.Final/hibernate-core-3.6.9.Final.jar:/home/ccugnasc/.m2/repository/org/hibernate/hibernate-entitymanager/3.6.9.Final/hibernate-entitymanager-3.6.9.Final.jar:/home/ccugnasc/.m2/repository/org/hibernate/hibernate-validator/4.2.0.Final/hibernate-validator-4.2.0.Final.jar:/home/ccugnasc/.m2/repository/org/hibernate/javax/persistence/hibernate-jpa-2.0-api/1.0.1.Final/hibernate-jpa-2.0-api-1.0.1.Final.jar:/home/ccugnasc/.m2/repository/org/slf4j/jcl-over-slf4j/1.6.4/jcl-over-slf4j-1.6.4.jar:/home/ccugnasc/.m2/repository/org/slf4j/slf4j-api/1.6.4/slf4j-api-1.6.4.jar:/home/ccugnasc/.m2/repository/org/slf4j/slf4j-log4j12/1.6.4/slf4j-log4j12-1.6.4.jar:/home/ccugnasc/.m2/repository/org/springframework/spring-aop/3.1.1.RELEASE/spring-aop-3.1.1.RELEASE.jar:/home/ccugnasc/.m2/repository/org/springframework/spring-asm/3.1.1.RELEASE/spring-asm-3.1.1.RELEASE.jar:/home/ccugnasc/.m2/repository/org/springframework/spring-aspects/3.1.1.RELEASE/spring-aspects-3.1.1.RELEASE.jar:/home/ccugnasc/.m2/repository/org/springframework/spring-beans/3.1.1.RELEASE/spring-beans-3.1.1.RELEASE.jar:/home/ccugnasc/.m2/repository/org/springframework/spring-context/3.1.1.RELEASE/spring-context-3.1.1.RELEASE.jar:/home/ccugnasc/.m2/repository/org/springframework/spring-context-support/3.1.1.RELEASE/spring-context-support-3.1.1.RELEASE.jar:/home/ccugnasc/.m2/repository/org/springframework/spring-core/3.1.1.RELEASE/spring-core-3.1.1.RELEASE.jar:/home/ccugnasc/.m2/repository/org/springframework/spring-expression/3.1.1.RELEASE/spring-expression-3.1.1.RELEASE.jar:/home/ccugnasc/.m2/repository/org/springframework/spring-jdbc/3.1.1.RELEASE/spring-jdbc-3.1.1.RELEASE.jar:/home/ccugnasc/.m2/repository/org/springframework/spring-orm/3.1.1.RELEASE/spring-orm-3.1.1.RELEASE.jar:/home/ccugnasc/.m2/repository/org/springframework/spring-tx/3.1.1.RELEASE/spring-tx-3.1.1.RELEASE.jar:/home/ccugnasc/.m2/repository/org/springframework/spring-web/3.1.1.RELEASE/spring-web-3.1.1.RELEASE.jar:/home/ccugnasc/.m2/repository/org/springframework/spring-webmvc/3.1.1.RELEASE/spring-webmvc-3.1.1.RELEASE.jar:/home/ccugnasc/.m2/repository/org/springframework/roo/org.springframework.roo.annotations/1.2.2.RELEASE/org.springframework.roo.annotations-1.2.2.RELEASE.jar:/home/ccugnasc/.m2/repository/org/springframework/security/spring-security-acl/3.1.0.RELEASE/spring-security-acl-3.1.0.RELEASE.jar:/home/ccugnasc/.m2/repository/org/springframework/security/spring-security-config/3.1.0.RELEASE/spring-security-config-3.1.0.RELEASE.jar:/home/ccugnasc/.m2/repository/org/springframework/security/spring-security-core/3.1.0.RELEASE/spring-security-core-3.1.0.RELEASE.jar:/home/ccugnasc/.m2/repository/org/springframework/security/spring-security-crypto/3.1.0.RELEASE/spring-security-crypto-3.1.0.RELEASE.jar:/home/ccugnasc/.m2/repository/org/springframework/security/spring-security-taglibs/3.1.0.RELEASE/spring-security-taglibs-3.1.0.RELEASE.jar:/home/ccugnasc/.m2/repository/org/springframework/security/spring-security-web/3.1.0.RELEASE/spring-security-web-3.1.0.RELEASE.jar:/home/ccugnasc/.m2/repository/org/springframework/webflow/spring-js-resources/2.2.1.RELEASE/spring-js-resources-2.2.1.RELEASE.jar:/home/ccugnasc/.m2/repository/org/tuckey/urlrewritefilter/4.0.4/urlrewritefilter-4.0.4.jar:/home/ccugnasc/workspace/gas/GAS_Roo/target/classes
-aspectpath
/home/ccugnasc/.m2/repository/org/springframework/spring-aspects/3.1.1.RELEASE/spring-aspects-3.1.1.RELEASE.jar
-d
/home/ccugnasc/workspace/gas/GAS_Roo/target/classes
/home/ccugnasc/workspace/gas/GAS_Roo/src/main/java/it/polito/ai/gas/business/DeliveryWithdrawal_Roo_ToString.aj
/home/ccugnasc/workspace/gas/GAS_Roo/src/main/java/it/polito/ai/gas/business/Proposal_Roo_DbManaged.aj
/home/ccugnasc/workspace/gas/GAS_Roo/src/main/java/it/polito/ai/gas/business/Product.java
/home/ccugnasc/workspace/gas/GAS_Roo/src/main/java/it/polito/ai/gas/controller/ApplicationConversionServiceFactoryBean.java
/home/ccugnasc/workspace/gas/GAS_Roo/src/main/java/it/polito/ai/gas/business/Proposal_Roo_Jpa_Entity.aj
/home/ccugnasc/workspace/gas/GAS_Roo/src/main/java/it/polito/ai/gas/controller/ProducerInfoController_Roo_Controller.aj
/home/ccugnasc/workspace/gas/GAS_Roo/src/main/java/it/polito/ai/gas/business/Producer_Roo_DbManaged.aj
/home/ccugnasc/workspace/gas/GAS_Roo/src/main/java/it/polito/ai/gas/business/Proposal_Roo_Jpa_ActiveRecord.aj
/home/ccugnasc/workspace/gas/GAS_Roo/src/main/java/it/polito/ai/gas/business/DeliveryWithdrawal_Roo_Jpa_ActiveRecord.aj
/home/ccugnasc/workspace/gas/GAS_Roo/src/main/java/it/polito/ai/gas/business/UserType.java
/home/ccugnasc/workspace/gas/GAS_Roo/src/main/java/it/polito/ai/gas/controller/MessageController.java
/home/ccugnasc/workspace/gas/GAS_Roo/src/main/java/it/polito/ai/gas/controller/UserController_Roo_Controller_Json.aj
/home/ccugnasc/workspace/gas/GAS_Roo/src/main/java/it/polito/ai/gas/business/Message_Roo_Json.aj
/home/ccugnasc/workspace/gas/GAS_Roo/src/main/java/it/polito/ai/gas/business/User_Roo_DbManaged.aj
/home/ccugnasc/workspace/gas/GAS_Roo/src/main/java/it/polito/ai/gas/controller/PurchaseRequestController_Roo_Controller.aj
/home/ccugnasc/workspace/gas/GAS_Roo/src/main/java/it/polito/ai/gas/business/User_Roo_Jpa_ActiveRecord.aj
/home/ccugnasc/workspace/gas/GAS_Roo/src/main/java/it/polito/ai/gas/business/Message_Roo_Configurable.aj
/home/ccugnasc/workspace/gas/GAS_Roo/src/main/java/it/polito/ai/gas/controller/ProductController.java
/home/ccugnasc/workspace/gas/GAS_Roo/src/main/java/it/polito/ai/gas/controller/ProposalController_Roo_Controller.aj
/home/ccugnasc/workspace/gas/GAS_Roo/src/main/java/it/polito/ai/gas/business/PurchaseRequest_Roo_Configurable.aj
/home/ccugnasc/workspace/gas/GAS_Roo/src/main/java/it/polito/ai/gas/controller/ApplicationConversionServiceFactoryBean_Roo_ConversionService.aj
/home/ccugnasc/workspace/gas/GAS_Roo/src/main/java/it/polito/ai/gas/business/Product_Roo_Jpa_Entity.aj
/home/ccugnasc/workspace/gas/GAS_Roo/src/main/java/it/polito/ai/gas/business/DeliveryWithdrawal_Roo_DbManaged.aj
/home/ccugnasc/workspace/gas/GAS_Roo/src/main/java/it/polito/ai/gas/business/Proposal.java
/home/ccugnasc/workspace/gas/GAS_Roo/src/main/java/it/polito/ai/gas/business/Proposal_Roo_Json.aj
/home/ccugnasc/workspace/gas/GAS_Roo/src/main/java/it/polito/ai/gas/business/Producer_Roo_Json.aj
/home/ccugnasc/workspace/gas/GAS_Roo/src/main/java/it/polito/ai/gas/controller/ProducerInfoController.java
/home/ccugnasc/workspace/gas/GAS_Roo/src/main/java/it/polito/ai/gas/controller/UserController.java
/home/ccugnasc/workspace/gas/GAS_Roo/src/main/java/it/polito/ai/gas/business/Producer_Roo_Jpa_Entity.aj
/home/ccugnasc/workspace/gas/GAS_Roo/src/main/java/it/polito/ai/gas/controller/DeliveryWithdrawalController_Roo_Controller_Json.aj
/home/ccugnasc/workspace/gas/GAS_Roo/src/main/java/it/polito/ai/gas/business/Producer_Roo_Jpa_ActiveRecord.aj
/home/ccugnasc/workspace/gas/GAS_Roo/src/main/java/it/polito/ai/gas/business/DeliveryWithdrawal_Roo_Configurable.aj
/home/ccugnasc/workspace/gas/GAS_Roo/src/main/java/it/polito/ai/gas/business/User_Roo_Jpa_Entity.aj
/home/ccugnasc/workspace/gas/GAS_Roo/src/main/java/it/polito/ai/gas/business/Proposal_Roo_ToString.aj
/home/ccugnasc/workspace/gas/GAS_Roo/src/main/java/it/polito/ai/gas/controller/ProposalController.java
/home/ccugnasc/workspace/gas/GAS_Roo/src/main/java/it/polito/ai/gas/controller/PurchaseRequestController_Roo_Controller_Json.aj
/home/ccugnasc/workspace/gas/GAS_Roo/src/main/java/it/polito/ai/gas/business/Product_Roo_Json.aj
/home/ccugnasc/workspace/gas/GAS_Roo/src/main/java/it/polito/ai/gas/business/PurchaseRequest_Roo_Json.aj
/home/ccugnasc/workspace/gas/GAS_Roo/src/main/java/it/polito/ai/gas/business/Product_Roo_ToString.aj
/home/ccugnasc/workspace/gas/GAS_Roo/src/main/java/it/polito/ai/gas/business/Proposal_Roo_Configurable.aj
/home/ccugnasc/workspace/gas/GAS_Roo/src/main/java/it/polito/ai/gas/business/PurchaseRequest_Roo_ToString.aj
/home/ccugnasc/workspace/gas/GAS_Roo/src/main/java/it/polito/ai/gas/business/User.java
/home/ccugnasc/workspace/gas/GAS_Roo/src/main/java/it/polito/ai/gas/business/Product_Roo_Jpa_ActiveRecord.aj
/home/ccugnasc/workspace/gas/GAS_Roo/src/main/java/it/polito/ai/gas/business/Producer_Roo_ToString.aj
/home/ccugnasc/workspace/gas/GAS_Roo/src/main/java/it/polito/ai/gas/controller/ProductController_Roo_Controller_Json.aj
/home/ccugnasc/workspace/gas/GAS_Roo/src/main/java/it/polito/ai/gas/controller/ProducerInfoController_Roo_Controller_Json.aj
/home/ccugnasc/workspace/gas/GAS_Roo/src/main/java/it/polito/ai/gas/business/PurchaseRequest_Roo_JavaBean.aj
/home/ccugnasc/workspace/gas/GAS_Roo/src/main/java/it/polito/ai/gas/controller/ProductController_Roo_Controller.aj
/home/ccugnasc/workspace/gas/GAS_Roo/src/main/java/it/polito/ai/gas/business/Message_Roo_DbManaged.aj
/home/ccugnasc/workspace/gas/GAS_Roo/src/main/java/it/polito/ai/gas/business/PurchaseRequest.java
/home/ccugnasc/workspace/gas/GAS_Roo/src/main/java/it/polito/ai/gas/business/User_Roo_Finder.aj
/home/ccugnasc/workspace/gas/GAS_Roo/src/main/java/it/polito/ai/gas/controller/MessageController_Roo_Controller_Json.aj
/home/ccugnasc/workspace/gas/GAS_Roo/src/main/java/it/polito/ai/gas/controller/MessageController_Roo_Controller.aj
/home/ccugnasc/workspace/gas/GAS_Roo/src/main/java/it/polito/ai/gas/business/PurchaseRequest_Roo_DbManaged.aj
/home/ccugnasc/workspace/gas/GAS_Roo/src/main/java/it/polito/ai/gas/business/Product_Roo_Configurable.aj
/home/ccugnasc/workspace/gas/GAS_Roo/src/main/java/it/polito/ai/gas/controller/PurchaseRequestController.java
/home/ccugnasc/workspace/gas/GAS_Roo/src/main/java/it/polito/ai/gas/controller/UserController_Roo_Controller.aj
/home/ccugnasc/workspace/gas/GAS_Roo/src/main/java/it/polito/ai/gas/business/Product_Roo_DbManaged.aj
/home/ccugnasc/workspace/gas/GAS_Roo/src/main/java/it/polito/ai/gas/business/PurchaseRequest_Roo_Jpa_Entity.aj
/home/ccugnasc/workspace/gas/GAS_Roo/src/main/java/it/polito/ai/gas/business/Message_Roo_Jpa_Entity.aj
/home/ccugnasc/workspace/gas/GAS_Roo/src/main/java/it/polito/ai/gas/business/PurchaseRequest_Roo_Jpa_ActiveRecord.aj
/home/ccugnasc/workspace/gas/GAS_Roo/src/main/java/it/polito/ai/gas/controller/DeliveryWithdrawalController.java
/home/ccugnasc/workspace/gas/GAS_Roo/src/main/java/it/polito/ai/gas/business/DeliveryWithdrawal.java
/home/ccugnasc/workspace/gas/GAS_Roo/src/main/java/it/polito/ai/gas/business/User_Roo_JavaBean.aj
/home/ccugnasc/workspace/gas/GAS_Roo/src/main/java/it/polito/ai/gas/business/Message_Roo_Jpa_ActiveRecord.aj
/home/ccugnasc/workspace/gas/GAS_Roo/src/main/java/it/polito/ai/gas/security/GASAuthenticationProvider.java
/home/ccugnasc/workspace/gas/GAS_Roo/src/main/java/it/polito/ai/gas/controller/DeliveryWithdrawalController_Roo_Controller.aj
/home/ccugnasc/workspace/gas/GAS_Roo/src/main/java/it/polito/ai/gas/business/DeliveryWithdrawal_Roo_Jpa_Entity.aj
/home/ccugnasc/workspace/gas/GAS_Roo/src/main/java/it/polito/ai/gas/business/Message_Roo_ToString.aj
/home/ccugnasc/workspace/gas/GAS_Roo/src/main/java/it/polito/ai/gas/business/Producer_Roo_Configurable.aj
/home/ccugnasc/workspace/gas/GAS_Roo/src/main/java/it/polito/ai/gas/business/Message.java
/home/ccugnasc/workspace/gas/GAS_Roo/src/main/java/it/polito/ai/gas/business/User_Roo_ToString.aj
/home/ccugnasc/workspace/gas/GAS_Roo/src/main/java/it/polito/ai/gas/business/DeliveryWithdrawal_Roo_Json.aj
/home/ccugnasc/workspace/gas/GAS_Roo/src/main/java/it/polito/ai/gas/business/User_Roo_Json.aj
/home/ccugnasc/workspace/gas/GAS_Roo/src/main/java/it/polito/ai/gas/business/Producer.java
/home/ccugnasc/workspace/gas/GAS_Roo/src/main/java/it/polito/ai/gas/business/User_Roo_Configurable.aj
/home/ccugnasc/workspace/gas/GAS_Roo/src/main/java/it/polito/ai/gas/controller/ProposalController_Roo_Controller_Json.aj
